1552825607258	mozrunner::runner	INFO	Running command: "/usr/bin/firefox" "-marionette" "-foreground" "-no-remote" "-profile" "/tmp/rust_mozprofile.rillpksIoqVO"
1552825607682	addons.webextension.screenshots@mozilla.org	WARN	Loading extension 'screenshots@mozilla.org': Reading manifest: Invalid host permission: resource://pdf.js/
1552825607683	addons.webextension.screenshots@mozilla.org	WARN	Loading extension 'screenshots@mozilla.org': Reading manifest: Invalid host permission: about:reader*

(firefox:16926): Gtk-WARNING **: 13:26:47.990: Theme parsing error: <data>:1:34: Expected ')' in color definition

(firefox:16926): Gtk-WARNING **: 13:26:47.990: Theme parsing error: <data>:1:77: Expected ')' in color definition
1552825609335	Marionette	INFO	Listening on port 41359
1552825609374	Marionette	WARN	TLS certificate errors will be ignored for this session
console.error: BroadcastService: 
  receivedBroadcastMessage: handler for
  remote-settings/monitor_changes
  threw error:
  Message: Error: Polling for changes failed: NetworkError when attempting to fetch resource..
  Stack:
    remoteSettingsFunction/remoteSettings.pollChanges@resource://services-settings/remote-settings.js:188:13

1552825656466	Marionette	INFO	Stopped listening on port 41359
[Parent 16926, Gecko_IOThread] WARNING: pipe error (79): Połączenie zerwane przez drugą stronę: file /build/firefox-DVGW0d/firefox-65.0.1+build2/ipc/chromium/src/chrome/common/ipc_channel_posix.cc, line 349
1552826281612	mozrunner::runner	INFO	Running command: "/usr/bin/firefox" "-marionette" "-foreground" "-no-remote" "-profile" "/tmp/rust_mozprofile.slcKxdf7FiuL"
1552826282032	addons.webextension.screenshots@mozilla.org	WARN	Loading extension 'screenshots@mozilla.org': Reading manifest: Invalid host permission: resource://pdf.js/
1552826282032	addons.webextension.screenshots@mozilla.org	WARN	Loading extension 'screenshots@mozilla.org': Reading manifest: Invalid host permission: about:reader*

(firefox:17413): Gtk-WARNING **: 13:38:02.327: Theme parsing error: <data>:1:34: Expected ')' in color definition

(firefox:17413): Gtk-WARNING **: 13:38:02.328: Theme parsing error: <data>:1:77: Expected ')' in color definition
1552826283702	Marionette	INFO	Listening on port 32863
1552826283726	Marionette	WARN	TLS certificate errors will be ignored for this session
1552826330467	Marionette	INFO	Stopped listening on port 32863
1552827282727	mozrunner::runner	INFO	Running command: "/usr/bin/firefox" "-marionette" "-foreground" "-no-remote" "-profile" "/tmp/rust_mozprofile.zFrxFsa38njW"
1552827283130	addons.webextension.screenshots@mozilla.org	WARN	Loading extension 'screenshots@mozilla.org': Reading manifest: Invalid host permission: resource://pdf.js/
1552827283131	addons.webextension.screenshots@mozilla.org	WARN	Loading extension 'screenshots@mozilla.org': Reading manifest: Invalid host permission: about:reader*

(firefox:18017): Gtk-WARNING **: 13:54:43.428: Theme parsing error: <data>:1:34: Expected ')' in color definition

(firefox:18017): Gtk-WARNING **: 13:54:43.428: Theme parsing error: <data>:1:77: Expected ')' in color definition
1552827284742	Marionette	INFO	Listening on port 42789
1552827284842	Marionette	WARN	TLS certificate errors will be ignored for this session
console.error: BroadcastService: 
  receivedBroadcastMessage: handler for
  remote-settings/monitor_changes
  threw error:
  Message: Error: Polling for changes failed: NetworkError when attempting to fetch resource..
  Stack:
    remoteSettingsFunction/remoteSettings.pollChanges@resource://services-settings/remote-settings.js:188:13

1552827336453	Marionette	INFO	Stopped listening on port 42789
